<?xml version="1.0" encoding="UTF-8"?>
<testng-results ignored="0" total="2" passed="2" failed="0" skipped="0">
  <reporter-output>
  </reporter-output>
  <suite started-at="2021-02-08T23:10:55 CAT" name="Default suite" finished-at="2021-02-08T23:11:13 CAT" duration-ms="18469">
    <groups>
    </groups>
    <test started-at="2021-02-08T23:10:55 CAT" name="Default test" finished-at="2021-02-08T23:11:13 CAT" duration-ms="18469">
      <class name="com.crm.qa.testcases.LoginPageTest">
        <test-method is-config="true" signature="setUp()[pri:0, instance:com.crm.qa.testcases.LoginPageTest@61386958]" started-at="2021-02-08T23:10:55 CAT" name="setUp" finished-at="2021-02-08T23:11:03 CAT" duration-ms="8478" status="PASS">
          <reporter-output>
          </reporter-output>
        </test-method> <!-- setUp -->
        <test-method signature="loginpagetitle()[pri:1, instance:com.crm.qa.testcases.LoginPageTest@61386958]" started-at="2021-02-08T23:11:03 CAT" name="loginpagetitle" finished-at="2021-02-08T23:11:03 CAT" duration-ms="10" status="PASS">
          <reporter-output>
          </reporter-output>
        </test-method> <!-- loginpagetitle -->
        <test-method is-config="true" signature="tearDown()[pri:0, instance:com.crm.qa.testcases.LoginPageTest@61386958]" started-at="2021-02-08T23:11:03 CAT" name="tearDown" finished-at="2021-02-08T23:11:04 CAT" duration-ms="646" status="PASS">
          <reporter-output>
          </reporter-output>
        </test-method> <!-- tearDown -->
        <test-method is-config="true" signature="setUp()[pri:0, instance:com.crm.qa.testcases.LoginPageTest@61386958]" started-at="2021-02-08T23:11:04 CAT" name="setUp" finished-at="2021-02-08T23:11:12 CAT" duration-ms="8033" status="PASS">
          <reporter-output>
          </reporter-output>
        </test-method> <!-- setUp -->
        <test-method signature="loginpagetest()[pri:2, instance:com.crm.qa.testcases.LoginPageTest@61386958]" started-at="2021-02-08T23:11:12 CAT" name="loginpagetest" finished-at="2021-02-08T23:11:13 CAT" duration-ms="517" status="PASS">
          <reporter-output>
          </reporter-output>
        </test-method> <!-- loginpagetest -->
        <test-method is-config="true" signature="tearDown()[pri:0, instance:com.crm.qa.testcases.LoginPageTest@61386958]" started-at="2021-02-08T23:11:13 CAT" name="tearDown" finished-at="2021-02-08T23:11:13 CAT" duration-ms="748" status="PASS">
          <reporter-output>
          </reporter-output>
        </test-method> <!-- tearDown -->
      </class> <!-- com.crm.qa.testcases.LoginPageTest -->
    </test> <!-- Default test -->
  </suite> <!-- Default suite -->
</testng-results>
